<?xml version="1.0" encoding="UTF-8"?>
<!-- Generated by org.testng.reporters.JUnitReportReporter -->
<testsuite hostname="DELL-PC" failures="0" tests="2" name="Gpages.Testng_Sample" time="5.100" errors="0" timestamp="6 May 2019 01:04:14 GMT">
  <testcase classname="Gpages.Testng_Sample" name="Support" time="2.686"/>
  <testcase classname="Gpages.Testng_Sample" name="Register" time="2.414"/>
</testsuite> <!-- Gpages.Testng_Sample -->
