<?xml version="1.0" encoding="UTF-8"?>
<!-- Generated by org.testng.reporters.JUnitReportReporter -->
<testsuite hostname="DELL-PC" failures="0" tests="2" name="Gpages.TestNG_Demo" time="11.904" errors="0" timestamp="5 May 2019 19:54:10 GMT">
  <testcase classname="Gpages.TestNG_Demo" name="Registr" time="5.744"/>
  <testcase classname="Gpages.TestNG_Demo" name="Support" time="6.160"/>
</testsuite> <!-- Gpages.TestNG_Demo -->
