<?xml version="1.0" encoding="UTF-8"?>
<!-- Generated by org.testng.reporters.JUnitReportReporter -->
<testsuite hostname="DELL-PC" failures="0" tests="1" name="Gpages.TestNG_Demo" time="4.302" errors="0" timestamp="17 Apr 2019 17:38:57 GMT">
  <testcase classname="Gpages.TestNG_Demo" name="TestPhase" time="4.302"/>
</testsuite> <!-- Gpages.TestNG_Demo -->
